make all --print-data-base --no-builtin-variables --no-builtin-rules --question
make: *** No rule to make target 'all'.  Stop.
 
# GNU Make 4.2.1
# Built for x86_64-pc-linux-gnu
# Copyright (C) 1988-2016 Free Software Foundation, Inc.
# License GPLv3+: GNU GPL version 3 or later <http://gnu.org/licenses/gpl.html>
# This is free software: you are free to change and redistribute it.
# There is NO WARRANTY, to the extent permitted by law.

# Make data base, printed on Sat Nov 13 12:27:57 2021

# Variables

# automatic
<D = $(patsubst %/,%,$(dir $<))
# automatic
?F = $(notdir $?)
# default
.SHELLFLAGS := -c
# environment
XDG_SESSION_CLASS = user
# environment
VSCODE_AGENT_FOLDER = /home/zhao/.vscode-server
# environment
XDG_SESSION_TYPE = tty
# makefile (from 'Makefile', line 10)
INCUDIRS := include 
# environment
VSCODE_LOG_NATIVE = false
# makefile (from 'Makefile', line 5)
TARGET = Framework.out
# automatic
?D = $(patsubst %/,%,$(dir $?))
# automatic
@D = $(patsubst %/,%,$(dir $@))
# automatic
@F = $(notdir $@)
# default
MAKE_VERSION := 4.2.1
# makefile
CURDIR := /home/zhao/project/框架/MyFramework
# makefile
SHELL = /bin/sh
# environment
VSCODE_NLS_CONFIG = {"locale":"zh-cn","availableLanguages":{"*":"zh-cn"},"_languagePackId":"6d1f187483a1f5610e666c4a6e996ddc.zh-cn","_translationsConfigFile":"/home/zhao/.vscode-server/data/clp/6d1f187483a1f5610e666c4a6e996ddc.zh-cn/tcf.json","_cacheRoot":"/home/zhao/.vscode-server/data/clp/6d1f187483a1f5610e666c4a6e996ddc.zh-cn","_resolvedLanguagePackCoreLocation":"/home/zhao/.vscode-server/data/clp/6d1f187483a1f5610e666c4a6e996ddc.zh-cn/3a6960b964327f0e3882ce18fcebd07ed191b316","_corruptedFile":"/home/zhao/.vscode-server/data/clp/6d1f187483a1f5610e666c4a6e996ddc.zh-cn/corrupted.info","_languagePackSupport":true}
# environment
_ = /home/zhao/.vscode-server/bin/3a6960b964327f0e3882ce18fcebd07ed191b316/node
# makefile (from 'Makefile', line 22)
CPPFILENDIR := main.cpp network.cpp time_correlation.cpp string_correlation.cpp  
# makefile (from 'Makefile', line 25)
CPPOBJS :=  obj/main.o  obj/network.o  obj/time_correlation.o  obj/string_correlation.o
# makefile (from 'Makefile', line 1)
MAKEFILE_LIST :=  Makefile
# makefile (from 'Makefile', line 18)
CPPFILES := project/main.cpp src/network.cpp src/time_correlation.cpp src/string_correlation.cpp
# makefile (from 'Makefile', line 23)
CFILENDIR := error_functions.c	
# 'override' directive
GNUMAKEFLAGS := 
# environment
XDG_DATA_DIRS = /usr/local/share:/usr/share:/var/lib/snapd/desktop
# makefile (from 'Makefile', line 12)
SRCDIRS := project src 
# environment
DBUS_SESSION_BUS_ADDRESS = unix:path=/run/user/1000/bus
# environment
VSCODE_VERBOSE_LOGGING = true
# makefile (from 'Makefile', line 19)
CFILES :=  src/error_functions.c
# makefile (from 'Makefile', line 29)
OBJS :=  obj/main.o  obj/network.o  obj/time_correlation.o  obj/string_correlation.o  obj/error_functions.o
# environment
LESSOPEN = | /usr/bin/lesspipe %s
# environment
VSCODE_CWD = /home/zhao
# environment
SSH_CONNECTION = 192.168.1.5 58197 192.168.1.6 22
# environment
PATH = /home/zhao/.vscode-server/bin/3a6960b964327f0e3882ce18fcebd07ed191b316/bin:/home/zhao/.vscode-server/bin/3a6960b964327f0e3882ce18fcebd07ed191b316/bin:/usr/local/sbin:/usr/local/bin:/usr/sbin:/usr/bin:/sbin:/bin:/usr/games:/usr/local/games:/snap/bin
# environment
XDG_RUNTIME_DIR = /run/user/1000
# makefile (from 'Makefile', line 36)
EVENT = -levent
# makefile (from 'Makefile', line 34)
PTHREAD = -lpthread
# makefile (from 'Makefile', line 31)
VPATH := project src 
# environment
VSCODE_LOG_STACK = false
# environment
VSCODE_IPC_HOOK_CLI = /run/user/1000/vscode-ipc-265c0e50-6bf8-4ae8-9fbd-5684674e4437.sock
# makefile (from 'Makefile', line 40)
ZLIB = -lz
# default
.FEATURES := target-specific order-only second-expansion else-if shortest-stem undefine oneshell archives jobserver output-sync check-symlink load
# environment
LS_COLORS = 
# automatic
%F = $(notdir $%)
# environment
VSCODE_PIPE_LOGGING = true
# environment
PWD = /home/zhao/project/框架/MyFramework
# default
.LOADED := 
# automatic
*D = $(patsubst %/,%,$(dir $*))
# environment
VSCODE_AMD_ENTRYPOINT = vs/server/remoteExtensionHostProcess
# environment
HOME = /home/zhao
# environment
LESSCLOSE = /usr/bin/lesspipe %s %s
# environment
LOGNAME = zhao
# environment
APPLICATION_INSIGHTS_NO_DIAGNOSTIC_CHANNEL = true
# automatic
+F = $(notdir $+)
# environment
VSCODE_HANDLES_UNCAUGHT_ERRORS = true
# automatic
^D = $(patsubst %/,%,$(dir $^))
# environment
MAKELEVEL := 0
# default
MAKE = $(MAKE_COMMAND)
# default
MAKECMDGOALS := all
# makefile (from 'Makefile', line 26)
COBJS :=  obj/error_functions.o
# environment
SHLVL = 0
# makefile (from 'Makefile', line 7)
CC := g++ 
# environment
XDG_SESSION_ID = 11
# environment
USER = zhao
# makefile
.DEFAULT_GOAL := Framework.out
# makefile (from 'Makefile', line 15)
INCLUDE :=  -I include
# automatic
%D = $(patsubst %/,%,$(dir $%))
# default
MAKE_COMMAND := make
# environment
OLDPWD = /home/zhao/.vscode-server/bin/3a6960b964327f0e3882ce18fcebd07ed191b316
# default
.VARIABLES := 
# automatic
*F = $(notdir $*)
# environment
LANGUAGE = zh_CN:zh
# makefile
MAKEFLAGS = pqrR
# makefile (from 'Makefile', line 38)
LIBMYSQL = -lmysqlpp
# environment
MFLAGS = -pqrR
# environment
SSH_CLIENT = 192.168.1.5 58197 22
# automatic
+D = $(patsubst %/,%,$(dir $+))
# environment
BROWSER = /home/zhao/.vscode-server/bin/3a6960b964327f0e3882ce18fcebd07ed191b316/bin/helpers/browser.sh
# makefile (from 'Makefile', line 3)
CROSS_COMPILE = g++ 
# default
MAKEFILES := 
# automatic
<F = $(notdir $<)
# environment
LC_ALL = C
# automatic
^F = $(notdir $^)
# default
SUFFIXES := 
# makefile (from 'Makefile', line 42)
FLAGS := -g -Wall -std=c++17 -lpthread -levent -lmysqlpp -lz
# default
.INCLUDE_DIRS = /usr/include /usr/local/include /usr/include
# environment
VSCODE_INJECT_NODE_MODULE_LOOKUP_PATH = /home/zhao/.vscode-server/bin/3a6960b964327f0e3882ce18fcebd07ed191b316/remote/node_modules
# default
.RECIPEPREFIX := 
# default
MAKE_HOST := x86_64-pc-linux-gnu
# environment
LANG = C
# environment
VSCODE_EXTHOST_WILL_SEND_SOCKET = true
# environment
MOTD_SHOWN = pam
# variable set hash-table stats:
# Load=91/1024=9%, Rehash=0, Collisions=21/139=15%

# Pattern-specific Variable Values

# No pattern-specific variable values.

# Directories

# . (device 2053, inode 393243): 11 files, no impossibilities.
# src (device 2053, inode 393282): 6 files, no impossibilities.
# project (device 2053, inode 393280): 3 files, no impossibilities.

# 20 files, no impossibilities in 3 directories.

# Implicit Rules

# No implicit rules.

# Files

# Not a target:
all:
#  Command line target.
#  Implicit rule search has been done.
#  File does not exist.
#  File has not been updated.

# Not a target:
error_functions.c:
#  Implicit rule search has not been done.
#  Modification time never checked.
#  File has not been updated.

.PHONY: clean
#  Implicit rule search has not been done.
#  Modification time never checked.
#  File has not been updated.

obj/main.o: main.cpp
#  Implicit rule search has not been done.
#  Implicit/static pattern stem: 'main'
#  Modification time never checked.
#  File has not been updated.
#  recipe to execute (from 'Makefile', line 48):
	$(CC) $(FLAGS) -c $(INCLUDE) -o $@ $<

print:
#  Implicit rule search has not been done.
#  Modification time never checked.
#  File has not been updated.
#  recipe to execute (from 'Makefile', line 62):
	@echo				"执行过程如下:"
	@echo INCLUDE		= 	$(INCLUDE)
	@echo CPPFILES		= 	$(CPPFILES)
	@echo CFILES		=   $(FILES)
	@echo CPPFILENDIR	= 	$(CPPFILENDIR)
	@echo CFILENDIR 	=   $(CFILENDIR)
	@echo CPPOBJS		= 	$(CPPOBJS)
	@echo COBJS 		=   $(COBJS)
	@echo OBJS			= 	$(OBJS)

# Not a target:
Makefile:
#  Implicit rule search has been done.
#  Last modified 2021-05-27 18:29:32.765987962
#  File has been updated.
#  Successfully updated.

Framework.out: obj/main.o obj/network.o obj/time_correlation.o obj/string_correlation.o obj/error_functions.o
#  Implicit rule search has not been done.
#  Modification time never checked.
#  File has not been updated.
#  recipe to execute (from 'Makefile', line 45):
	$(CC) -o $@ $^ -g -Wall

# Not a target:
main.cpp:
#  Implicit rule search has not been done.
#  Modification time never checked.
#  File has not been updated.

obj/network.o: network.cpp
#  Implicit rule search has not been done.
#  Implicit/static pattern stem: 'network'
 
#  Modification time never checked.
#  File has not been updated.
#  recipe to execute (from 'Makefile', line 48):
	$(CC) $(FLAGS) -c $(INCLUDE) -o $@ $<

# Not a target:
string_correlation.cpp:
#  Implicit rule search has not been done.
#  Modification time never checked.
#  File has not been updated.

obj/time_correlation.o: time_correlation.cpp
#  Implicit rule search has not been done.
#  Implicit/static pattern stem: 'time_correlation'
#  Modification time never checked.
#  File has not been updated.
#  recipe to execute (from 'Makefile', line 48):
	$(CC) $(FLAGS) -c $(INCLUDE) -o $@ $<

# Not a target:
.DEFAULT:
#  Implicit rule search has not been done.
#  Modification time never checked.
#  File has not been updated.

wclean:
#  Implicit rule search has not been done.
#  Modification time never checked.
#  File has not been updated.
#  recipe to execute (from 'Makefile', line 58):
	rm -rf *.exe *.obj

# Not a target:
network.cpp:
#  Implicit rule search has not been done.
#  Modification time never checked.
#  File has not been updated.

obj/error_functions.o: error_functions.c
#  Implicit rule search has not been done.
#  Implicit/static pattern stem: 'error_functions'
#  Modification time never checked.
#  File has not been updated.
#  recipe to execute (from 'Makefile', line 50):
	$(CC) $(FLAGS) -c $(INCLUDE) -o $@ $<
	

clean:
#  Phony target (prerequisite of .PHONY).
#  Implicit rule search has not been done.
#  File does not exist.
#  File has not been updated.
#  recipe to execute (from 'Makefile', line 56):
	rm -rf $(TARGET) $(OBJS)

obj/string_correlation.o: string_correlation.cpp
#  Implicit rule search has not been done.
#  Implicit/static pattern stem: 'string_correlation'
#  Modification time never checked.
#  File has not been updated.
#  recipe to execute (from 'Makefile', line 48):
	$(CC) $(FLAGS) -c $(INCLUDE) -o $@ $<

# Not a target:
time_correlation.cpp:
#  Implicit rule search has not been done.
#  Modification time never checked.
#  File has not been updated.

# files hash-table stats:
# Load=19/1024=2%, Rehash=0, Collisions=0/49=0%
# VPATH Search Paths

# No 'vpath' search paths.

# General ('VPATH' variable) search path:
# project:src

# strcache buffers: 1 (0) / strings = 39 / storage = 439 B / avg = 11 B
# current buf: size = 8162 B / used = 439 B / count = 39 / avg = 11 B

# strcache performance: lookups = 74 / hit rate = 47%
# hash-table stats:
# Load=39/8192=0%, Rehash=0, Collisions=3/74=4%
# Finished Make data base on Sat Nov 13 12:27:57 2021

 
